2023-12-26T12:53:36+00:00 CRITICAL Out of memory (allocated 67108864 bytes) (tried to allocate 65536 bytes) in C:\xampp\htdocs\StellarSwag\wp-content\plugins\woocommerce-payments\includes\class-woopay-tracker.php on line 21

2023-12-26T12:53:40+00:00 CRITICAL Out of memory (allocated 67108864 bytes) (tried to allocate 65536 bytes) in C:\xampp\htdocs\StellarSwag\wp-content\plugins\woocommerce-payments\includes\class-woopay-tracker.php on line 21

2023-12-26T12:53:40+00:00 CRITICAL Out of memory (allocated 75497472 bytes) (tried to allocate 32768 bytes) in C:\xampp\htdocs\StellarSwag\wp-content\plugins\cartflows\modules\gutenberg\classes\class-cartflows-block-helper.php on line 264

2023-12-26T12:53:51+00:00 CRITICAL Out of memory (allocated 75497472 bytes) (tried to allocate 32768 bytes) in C:\xampp\htdocs\StellarSwag\wp-content\plugins\cartflows\modules\gutenberg\classes\class-cartflows-block-helper.php on line 264

2023-12-26T12:53:59+00:00 CRITICAL Out of memory (allocated 73400320 bytes) (tried to allocate 5242880 bytes) in C:\xampp\htdocs\StellarSwag\wp-content\plugins\woocommerce-payments\includes\core\server\request\class-get-intention.php on line 19

2023-12-26T12:54:01+00:00 CRITICAL Out of memory (allocated 81788928 bytes) (tried to allocate 65536 bytes) in C:\xampp\htdocs\StellarSwag\wp-content\plugins\woocommerce\src\Utilities\FeaturesUtil.php on line 66

2023-12-26T12:54:05+00:00 CRITICAL Out of memory (allocated 73400320 bytes) (tried to allocate 65536 bytes) in C:\xampp\htdocs\StellarSwag\wp-content\plugins\cartflows\classes\importer\batch-process\helpers\class-wp-background-process.php on line 429

2023-12-26T12:54:07+00:00 CRITICAL Out of memory (allocated 88080384 bytes) (tried to allocate 32768 bytes) in C:\xampp\htdocs\StellarSwag\wp-content\plugins\wordpress-seo\src\builders\indexable-link-builder.php on line 1

2023-12-26T12:54:09+00:00 CRITICAL Uncaught TypeError: voku\helper\HtmlDomParser::loadHtml(): Argument #1 ($html) must be of type string, bool given, called in C:\xampp\htdocs\StellarSwag\wp-content\plugins\simply-static\vendor\voku\simple_html_dom\src\voku\helper\HtmlDomParser.php on line 228 and defined in C:\xampp\htdocs\StellarSwag\wp-content\plugins\simply-static\vendor\voku\simple_html_dom\src\voku\helper\HtmlDomParser.php:870
Stack trace:
#0 C:\xampp\htdocs\StellarSwag\wp-content\plugins\simply-static\vendor\voku\simple_html_dom\src\voku\helper\HtmlDomParser.php(228): voku\helper\HtmlDomParser->loadHtml(false, NULL)
#1 C:\xampp\htdocs\StellarSwag\wp-content\plugins\simply-static\src\class-ss-url-extractor.php(337): voku\helper\HtmlDomParser::__callStatic('str_get_html', Array)
#2 C:\xampp\htdocs\StellarSwag\wp-content\plugins\simply-static\src\class-ss-url-extractor.php(179): Simply_Static\Url_Extractor->extract_and_replace_urls_in_html()
#3 C:\xampp\htdocs\StellarSwag\wp-content\plugins\simply-static\src\tasks\class-ss-fetch-urls-task.php(140): Simply_Static\Url_Extractor->extract_and_update_urls()
#4 C:\xampp\htdocs\StellarSwag\wp-content\plugins\simply-static\src\tasks\class-ss-fetch-urls-task.php(108): Simply_Static\Fetch_Urls_Task->handle_200_response(Object(Simply_Static\Page), true, true)
#5 C:\xampp\htdocs\StellarSwag\wp-content\plugins\simply-static\src\class-ss-archive-creation-job.php(151): Simply_Static\Fetch_Urls_Task->perform()
#6 C:\xampp\htdocs\StellarSwag\wp-content\plugins\woocommerce\includes\libraries\wp-background-process.php(301): Simply_Static\Archive_Creation_Job->task('fetch_urls')
#7 C:\xampp\htdocs\StellarSwag\wp-content\plugins\woocommerce\includes\libraries\wp-background-process.php(175): WP_Background_Process->handle()
#8 C:\xampp\htdocs\StellarSwag\wp-includes\class-wp-hook.php(324): WP_Background_Process->maybe_handle('')
#9 C:\xampp\htdocs\StellarSwag\wp-includes\class-wp-hook.php(348): WP_Hook->apply_filters('', Array)
#10 C:\xampp\htdocs\StellarSwag\wp-includes\plugin.php(517): WP_Hook->do_action(Array)
#11 C:\xampp\htdocs\StellarSwag\wp-admin\admin-ajax.php(203): do_action('wp_ajax_nopriv_...')
#12 {main}
  thrown in C:\xampp\htdocs\StellarSwag\wp-content\plugins\simply-static\vendor\voku\simple_html_dom\src\voku\helper\HtmlDomParser.php on line 870

2023-12-26T12:54:09+00:00 CRITICAL Out of memory (allocated 90177536 bytes) (tried to allocate 32768 bytes) in C:\xampp\htdocs\StellarSwag\wp-content\plugins\woocommerce\packages\woocommerce-blocks\patterns\shop-by-price.php on line 1

2023-12-26T12:54:20+00:00 CRITICAL Out of memory (allocated 115343360 bytes) (tried to allocate 32768 bytes) in C:\xampp\htdocs\StellarSwag\wp-content\plugins\wordpress-seo\src\generators\schema\person.php on line 1

2023-12-26T12:55:01+00:00 CRITICAL Out of memory (allocated 81788928 bytes) (tried to allocate 65536 bytes) in C:\xampp\htdocs\StellarSwag\wp-content\plugins\elementor\modules\favorites\module.php on line 67

2023-12-26T12:55:01+00:00 CRITICAL Out of memory (allocated 79691776 bytes) (tried to allocate 65536 bytes) in C:\xampp\htdocs\StellarSwag\wp-content\plugins\elementor\includes\base\controls-stack.php on line 1142

2023-12-26T12:55:02+00:00 CRITICAL Out of memory (allocated 81788928 bytes) (tried to allocate 65536 bytes) in C:\xampp\htdocs\StellarSwag\wp-content\plugins\elementor\modules\favorites\module.php on line 67

2023-12-26T12:55:02+00:00 CRITICAL Out of memory (allocated 79691776 bytes) (tried to allocate 65536 bytes) in C:\xampp\htdocs\StellarSwag\wp-content\plugins\elementor\modules\history\module.php on line 19

2023-12-26T12:57:26+00:00 CRITICAL Out of memory (allocated 56623104 bytes) (tried to allocate 32768 bytes) in C:\xampp\htdocs\StellarSwag\wp-admin\includes\class-pclzip.php on line 2700

2023-12-26T12:57:26+00:00 CRITICAL Out of memory (allocated 52428800 bytes) (tried to allocate 32768 bytes) in C:\xampp\htdocs\StellarSwag\wp-admin\includes\media.php on line 2574

2023-12-26T12:57:35+00:00 CRITICAL Out of memory (allocated 52428800 bytes) (tried to allocate 32768 bytes) in C:\xampp\htdocs\StellarSwag\wp-admin\includes\media.php on line 2048

2023-12-26T12:57:37+00:00 CRITICAL Out of memory (allocated 77594624 bytes) (tried to allocate 32768 bytes) in C:\xampp\htdocs\StellarSwag\wp-content\themes\best-shop\inc\tgmpa\class-tgm-plugin-activation.php on line 1126

2023-12-26T12:57:38+00:00 CRITICAL Out of memory (allocated 96468992 bytes) (tried to allocate 524288 bytes) in C:\xampp\htdocs\StellarSwag\wp-content\plugins\woocommerce\i18n\states.php on line 908

2023-12-26T12:57:49+00:00 CRITICAL Out of memory (allocated 113246208 bytes) (tried to allocate 20480 bytes) in C:\xampp\htdocs\StellarSwag\wp-includes\rest-api\endpoints\class-wp-rest-template-revisions-controller.php on line 149

2023-12-26T12:57:50+00:00 CRITICAL Out of memory (allocated 109051904 bytes) (tried to allocate 53248 bytes) in C:\xampp\htdocs\StellarSwag\wp-content\plugins\woocommerce\includes\rest-api\Controllers\Version1\class-wc-rest-orders-v1-controller.php on line 1643

2023-12-26T12:57:51+00:00 CRITICAL Out of memory (allocated 90177536 bytes) (tried to allocate 20480 bytes) in C:\xampp\htdocs\StellarSwag\wp-content\plugins\wordpress-seo\src\integrations\watchers\indexable-category-permalink-watcher.php on line 10

2023-12-26T12:59:27+00:00 CRITICAL Out of memory (allocated 52428800 bytes) (tried to allocate 65536 bytes) in C:\xampp\htdocs\StellarSwag\wp-includes\class-wp-user.php on line 777

2023-12-26T12:59:29+00:00 CRITICAL Out of memory (allocated 81788928 bytes) (tried to allocate 65536 bytes) in C:\xampp\htdocs\StellarSwag\wp-content\plugins\woocommerce\src\Utilities\FeaturesUtil.php on line 66

2023-12-26T12:59:33+00:00 CRITICAL Out of memory (allocated 81788928 bytes) (tried to allocate 65536 bytes) in C:\xampp\htdocs\StellarSwag\wp-content\plugins\elementor\modules\favorites\module.php on line 67

2023-12-26T12:59:34+00:00 CRITICAL Out of memory (allocated 79691776 bytes) (tried to allocate 40960 bytes) in C:\xampp\htdocs\StellarSwag\wp-content\plugins\elementor\includes\managers\elements.php on line 347

2023-12-26T12:59:35+00:00 CRITICAL Out of memory (allocated 79691776 bytes) (tried to allocate 65536 bytes) in C:\xampp\htdocs\StellarSwag\wp-content\plugins\elementor\includes\base\controls-stack.php on line 1142

2023-12-26T12:59:55+00:00 CRITICAL Out of memory (allocated 92274688 bytes) (tried to allocate 32768 bytes) in C:\xampp\htdocs\StellarSwag\wp-content\plugins\woocommerce\packages\woocommerce-blocks\src\BlockTypes\ProductCategories.php on line 1

2023-12-26T12:59:55+00:00 CRITICAL Out of memory (allocated 106954752 bytes) (tried to allocate 32768 bytes) in C:\xampp\htdocs\StellarSwag\wp-content\plugins\woocommerce-payments\includes\admin\class-wc-rest-payments-settings-controller.php on line 1015

2023-12-26T12:59:55+00:00 CRITICAL Out of memory (allocated 96468992 bytes) (tried to allocate 524288 bytes) in C:\xampp\htdocs\StellarSwag\wp-content\plugins\woocommerce\i18n\states.php on line 908

2023-12-26T13:00:05+00:00 CRITICAL Out of memory (allocated 98566144 bytes) (tried to allocate 32768 bytes) in C:\xampp\htdocs\StellarSwag\wp-content\plugins\wordpress-seo\vendor_prefixed\league\oauth2-client\src\Provider\AbstractProvider.php on line 1

2023-12-26T13:00:04+00:00 CRITICAL Out of memory (allocated 98566144 bytes) (tried to allocate 32768 bytes) in C:\xampp\htdocs\StellarSwag\wp-content\plugins\wordpress-seo\vendor_prefixed\league\oauth2-client\src\Provider\AbstractProvider.php on line 1

2023-12-26T13:00:03+00:00 CRITICAL Out of memory (allocated 96468992 bytes) (tried to allocate 524288 bytes) in C:\xampp\htdocs\StellarSwag\wp-content\plugins\woocommerce\i18n\states.php on line 908

2023-12-26T13:00:50+00:00 CRITICAL Out of memory (allocated 88080384 bytes) (tried to allocate 32768 bytes) in C:\xampp\htdocs\StellarSwag\wp-content\plugins\wordpress-seo\src\integrations\front-end-integration.php on line 477

2023-12-26T13:00:53+00:00 CRITICAL Out of memory (allocated 88080384 bytes) (tried to allocate 20480 bytes) in C:\xampp\htdocs\StellarSwag\wp-content\plugins\wordpress-seo\src\repositories\indexable-repository.php on line 320

2023-12-26T13:00:58+00:00 CRITICAL Out of memory (allocated 96468992 bytes) (tried to allocate 524288 bytes) in C:\xampp\htdocs\StellarSwag\wp-content\plugins\woocommerce\i18n\states.php on line 908

2023-12-26T13:00:55+00:00 CRITICAL Out of memory (allocated 73400320 bytes) (tried to allocate 32768 bytes) in C:\xampp\htdocs\StellarSwag\wp-content\plugins\cartflows\modules\checkout\classes\class-cartflows-checkout-meta-data.php on line 1197

2023-12-26T13:01:01+00:00 CRITICAL Out of memory (allocated 88080384 bytes) (tried to allocate 32768 bytes) in C:\xampp\htdocs\StellarSwag\wp-content\plugins\wordpress-seo\src\builders\indexable-link-builder.php on line 443

