2023-12-24T09:27:59+00:00 CRITICAL Maximum execution time of 120 seconds exceeded in C:\xampp\htdocs\StellarSwag\wp-content\plugins\wordpress-seo\src\integrations\admin\crawl-settings-integration.php on line 16

2023-12-24T12:11:59+00:00 CRITICAL Maximum execution time of 120 seconds exceeded in C:\xampp\htdocs\StellarSwag\wp-content\plugins\woocommerce-payments\vendor\jetpack-autoloader\class-php-autoloader.php on line 91

2023-12-24T12:28:21+00:00 CRITICAL Maximum execution time of 120 seconds exceeded in C:\xampp\htdocs\StellarSwag\wp-includes\Requests\src\Transport\Curl.php on line 205

2023-12-24T12:28:57+00:00 CRITICAL Maximum execution time of 120 seconds exceeded in C:\xampp\htdocs\StellarSwag\wp-includes\class-wpdb.php on line 2349

2023-12-24T12:29:32+00:00 CRITICAL Maximum execution time of 120 seconds exceeded in C:\xampp\htdocs\StellarSwag\wp-content\plugins\elementor\includes\controls\hover-animation.php on line 4

2023-12-24T12:29:32+00:00 CRITICAL Maximum execution time of 120 seconds exceeded in C:\xampp\htdocs\StellarSwag\wp-content\plugins\elementor\includes\controls\groups\border.php on line 4

2023-12-24T12:29:49+00:00 CRITICAL Maximum execution time of 120 seconds exceeded in C:\xampp\htdocs\StellarSwag\wp-content\plugins\breeze\vendor-extra\mobiledetect\php8\vendor\composer\ClassLoader.php on line 429

2023-12-24T12:29:53+00:00 CRITICAL Maximum execution time of 120 seconds exceeded in C:\xampp\htdocs\StellarSwag\wp-content\plugins\breeze\vendor-extra\mobiledetect\php8\vendor\composer\ClassLoader.php on line 429

2023-12-24T12:40:53+00:00 CRITICAL Maximum execution time of 120 seconds exceeded in C:\xampp\htdocs\StellarSwag\wp-includes\class-wpdb.php on line 2349

2023-12-24T12:47:15+00:00 CRITICAL Maximum execution time of 120 seconds exceeded in C:\xampp\htdocs\StellarSwag\wp-includes\class-wpdb.php on line 2349

2023-12-24T13:17:58+00:00 CRITICAL Maximum execution time of 120 seconds exceeded in C:\xampp\htdocs\StellarSwag\wp-includes\class-wpdb.php on line 2349

2023-12-24T13:30:50+00:00 CRITICAL Maximum execution time of 120 seconds exceeded in C:\xampp\htdocs\StellarSwag\wp-includes\class-wpdb.php on line 2349

2023-12-24T13:39:08+00:00 CRITICAL Maximum execution time of 120 seconds exceeded in C:\xampp\htdocs\StellarSwag\wp-includes\class-wpdb.php on line 2349

2023-12-24T13:41:43+00:00 CRITICAL Maximum execution time of 120 seconds exceeded in C:\xampp\htdocs\StellarSwag\wp-includes\class-wpdb.php on line 2349

2023-12-24T14:04:01+00:00 CRITICAL Maximum execution time of 120 seconds exceeded in C:\xampp\htdocs\StellarSwag\wp-includes\class-wpdb.php on line 2349

2023-12-24T14:33:02+00:00 CRITICAL Maximum execution time of 120 seconds exceeded in C:\xampp\htdocs\StellarSwag\wp-includes\class-wpdb.php on line 2349

2023-12-24T14:52:47+00:00 CRITICAL Maximum execution time of 120 seconds exceeded in C:\xampp\htdocs\StellarSwag\wp-includes\class-wpdb.php on line 2349

2023-12-24T15:06:18+00:00 CRITICAL Maximum execution time of 120 seconds exceeded in C:\xampp\htdocs\StellarSwag\wp-includes\class-wpdb.php on line 2349

2023-12-24T15:19:48+00:00 CRITICAL Maximum execution time of 120 seconds exceeded in C:\xampp\htdocs\StellarSwag\wp-includes\class-wpdb.php on line 2349

2023-12-24T15:27:20+00:00 CRITICAL Maximum execution time of 120 seconds exceeded in C:\xampp\htdocs\StellarSwag\wp-includes\class-wpdb.php on line 2349

2023-12-24T15:44:39+00:00 CRITICAL Maximum execution time of 300 seconds exceeded in C:\xampp\htdocs\StellarSwag\wp-includes\class-wpdb.php on line 2349

2023-12-24T17:06:57+00:00 CRITICAL Out of memory (allocated 90177536 bytes) (tried to allocate 32768 bytes) in C:\xampp\htdocs\StellarSwag\wp-content\plugins\wordpress-seo\src\integrations\settings-integration.php on line 460

2023-12-24T17:06:57+00:00 CRITICAL Out of memory (allocated 88080384 bytes) (tried to allocate 20480 bytes) in C:\xampp\htdocs\StellarSwag\wp-content\plugins\fluentform\vendor\wpfluent\framework\src\WPFluent\Support\Arr.php on line 159

2023-12-24T17:06:58+00:00 CRITICAL Out of memory (allocated 100663296 bytes) (tried to allocate 20480 bytes) in C:\xampp\htdocs\StellarSwag\wp-includes\class-wp-theme-json.php on line 866

