2023-12-20T10:09:54+00:00 CRITICAL Maximum execution time of 120 seconds exceeded in C:\xampp\htdocs\StellarSwag\wp-content\plugins\woocommerce-payments\includes\class-wc-payments-onboarding-service.php on line 8

2023-12-20T10:10:45+00:00 CRITICAL Maximum execution time of 120 seconds exceeded in C:\xampp\htdocs\StellarSwag\wp-includes\Requests\src\Transport\Curl.php on line 510

2023-12-20T10:17:49+00:00 CRITICAL Uncaught WCPay\Exceptions\API_Exception: Your site host "localhost" is on a private network. Jetpack can only connect to public sites. in C:\xampp\htdocs\StellarSwag\wp-content\plugins\woocommerce-payments\includes\wc-payment-api\class-wc-payments-http.php:194
Stack trace:
#0 C:\xampp\htdocs\StellarSwag\wp-content\plugins\woocommerce-payments\includes\wc-payment-api\class-wc-payments-api-client.php(221): WC_Payments_Http->start_connection('http://localhos...')
#1 C:\xampp\htdocs\StellarSwag\wp-content\plugins\woocommerce-payments\includes\class-wc-payments-account.php(1928): WC_Payments_API_Client->start_server_connection('http://localhos...')
#2 C:\xampp\htdocs\StellarSwag\wp-content\plugins\woocommerce-payments\includes\class-wc-payments-account.php(1029): WC_Payments_Account->redirect_to_onboarding_flow_page()
#3 C:\xampp\htdocs\StellarSwag\wp-includes\class-wp-hook.php(324): WC_Payments_Account->maybe_handle_onboarding('')
#4 C:\xampp\htdocs\StellarSwag\wp-includes\class-wp-hook.php(348): WP_Hook->apply_filters(NULL, Array)
#5 C:\xampp\htdocs\StellarSwag\wp-includes\plugin.php(517): WP_Hook->do_action(Array)
#6 C:\xampp\htdocs\StellarSwag\wp-admin\admin.php(175): do_action('admin_init')
#7 {main}
  thrown in C:\xampp\htdocs\StellarSwag\wp-content\plugins\woocommerce-payments\includes\wc-payment-api\class-wc-payments-http.php on line 194

2023-12-20T10:18:31+00:00 CRITICAL Uncaught WCPay\Exceptions\API_Exception: Your site host "localhost" is on a private network. Jetpack can only connect to public sites. in C:\xampp\htdocs\StellarSwag\wp-content\plugins\woocommerce-payments\includes\wc-payment-api\class-wc-payments-http.php:194
Stack trace:
#0 C:\xampp\htdocs\StellarSwag\wp-content\plugins\woocommerce-payments\includes\wc-payment-api\class-wc-payments-api-client.php(221): WC_Payments_Http->start_connection('http://localhos...')
#1 C:\xampp\htdocs\StellarSwag\wp-content\plugins\woocommerce-payments\includes\class-wc-payments-account.php(1928): WC_Payments_API_Client->start_server_connection('http://localhos...')
#2 C:\xampp\htdocs\StellarSwag\wp-content\plugins\woocommerce-payments\includes\class-wc-payments-account.php(1029): WC_Payments_Account->redirect_to_onboarding_flow_page()
#3 C:\xampp\htdocs\StellarSwag\wp-includes\class-wp-hook.php(324): WC_Payments_Account->maybe_handle_onboarding('')
#4 C:\xampp\htdocs\StellarSwag\wp-includes\class-wp-hook.php(348): WP_Hook->apply_filters(NULL, Array)
#5 C:\xampp\htdocs\StellarSwag\wp-includes\plugin.php(517): WP_Hook->do_action(Array)
#6 C:\xampp\htdocs\StellarSwag\wp-admin\admin.php(175): do_action('admin_init')
#7 {main}
  thrown in C:\xampp\htdocs\StellarSwag\wp-content\plugins\woocommerce-payments\includes\wc-payment-api\class-wc-payments-http.php on line 194

2023-12-20T10:20:26+00:00 CRITICAL Uncaught WCPay\Exceptions\API_Exception: Your site host "localhost" is on a private network. Jetpack can only connect to public sites. in C:\xampp\htdocs\StellarSwag\wp-content\plugins\woocommerce-payments\includes\wc-payment-api\class-wc-payments-http.php:194
Stack trace:
#0 C:\xampp\htdocs\StellarSwag\wp-content\plugins\woocommerce-payments\includes\wc-payment-api\class-wc-payments-api-client.php(221): WC_Payments_Http->start_connection('http://localhos...')
#1 C:\xampp\htdocs\StellarSwag\wp-content\plugins\woocommerce-payments\includes\class-wc-payments-account.php(1928): WC_Payments_API_Client->start_server_connection('http://localhos...')
#2 C:\xampp\htdocs\StellarSwag\wp-content\plugins\woocommerce-payments\includes\class-wc-payments-account.php(1029): WC_Payments_Account->redirect_to_onboarding_flow_page()
#3 C:\xampp\htdocs\StellarSwag\wp-includes\class-wp-hook.php(324): WC_Payments_Account->maybe_handle_onboarding('')
#4 C:\xampp\htdocs\StellarSwag\wp-includes\class-wp-hook.php(348): WP_Hook->apply_filters(NULL, Array)
#5 C:\xampp\htdocs\StellarSwag\wp-includes\plugin.php(517): WP_Hook->do_action(Array)
#6 C:\xampp\htdocs\StellarSwag\wp-admin\admin.php(175): do_action('admin_init')
#7 {main}
  thrown in C:\xampp\htdocs\StellarSwag\wp-content\plugins\woocommerce-payments\includes\wc-payment-api\class-wc-payments-http.php on line 194

2023-12-20T10:30:06+00:00 CRITICAL Uncaught WCPay\Exceptions\API_Exception: Your site host "localhost" is on a private network. Jetpack can only connect to public sites. in C:\xampp\htdocs\StellarSwag\wp-content\plugins\woocommerce-payments\includes\wc-payment-api\class-wc-payments-http.php:194
Stack trace:
#0 C:\xampp\htdocs\StellarSwag\wp-content\plugins\woocommerce-payments\includes\wc-payment-api\class-wc-payments-api-client.php(221): WC_Payments_Http->start_connection('http://localhos...')
#1 C:\xampp\htdocs\StellarSwag\wp-content\plugins\woocommerce-payments\includes\class-wc-payments-account.php(1928): WC_Payments_API_Client->start_server_connection('http://localhos...')
#2 C:\xampp\htdocs\StellarSwag\wp-content\plugins\woocommerce-payments\includes\class-wc-payments-account.php(1029): WC_Payments_Account->redirect_to_onboarding_flow_page()
#3 C:\xampp\htdocs\StellarSwag\wp-includes\class-wp-hook.php(324): WC_Payments_Account->maybe_handle_onboarding('')
#4 C:\xampp\htdocs\StellarSwag\wp-includes\class-wp-hook.php(348): WP_Hook->apply_filters(NULL, Array)
#5 C:\xampp\htdocs\StellarSwag\wp-includes\plugin.php(517): WP_Hook->do_action(Array)
#6 C:\xampp\htdocs\StellarSwag\wp-admin\admin.php(175): do_action('admin_init')
#7 {main}
  thrown in C:\xampp\htdocs\StellarSwag\wp-content\plugins\woocommerce-payments\includes\wc-payment-api\class-wc-payments-http.php on line 194

2023-12-20T10:36:33+00:00 CRITICAL Maximum execution time of 120 seconds exceeded in C:\xampp\htdocs\StellarSwag\wp-admin\includes\class-wp-filesystem-direct.php on line 82

2023-12-20T10:41:23+00:00 CRITICAL Uncaught WCPay\Exceptions\API_Exception: Your site host "localhost" is on a private network. Jetpack can only connect to public sites. in C:\xampp\htdocs\StellarSwag\wp-content\plugins\woocommerce-payments\includes\wc-payment-api\class-wc-payments-http.php:194
Stack trace:
#0 C:\xampp\htdocs\StellarSwag\wp-content\plugins\woocommerce-payments\includes\wc-payment-api\class-wc-payments-api-client.php(221): WC_Payments_Http->start_connection('http://localhos...')
#1 C:\xampp\htdocs\StellarSwag\wp-content\plugins\woocommerce-payments\includes\class-wc-payments-account.php(1928): WC_Payments_API_Client->start_server_connection('http://localhos...')
#2 C:\xampp\htdocs\StellarSwag\wp-content\plugins\woocommerce-payments\includes\class-wc-payments-account.php(1029): WC_Payments_Account->redirect_to_onboarding_flow_page()
#3 C:\xampp\htdocs\StellarSwag\wp-includes\class-wp-hook.php(324): WC_Payments_Account->maybe_handle_onboarding('')
#4 C:\xampp\htdocs\StellarSwag\wp-includes\class-wp-hook.php(348): WP_Hook->apply_filters(NULL, Array)
#5 C:\xampp\htdocs\StellarSwag\wp-includes\plugin.php(517): WP_Hook->do_action(Array)
#6 C:\xampp\htdocs\StellarSwag\wp-admin\admin.php(175): do_action('admin_init')
#7 {main}
  thrown in C:\xampp\htdocs\StellarSwag\wp-content\plugins\woocommerce-payments\includes\wc-payment-api\class-wc-payments-http.php on line 194

2023-12-20T11:28:52+00:00 CRITICAL Maximum execution time of 120 seconds exceeded in C:\xampp\htdocs\StellarSwag\wp-content\plugins\woocommerce\packages\woocommerce-blocks\src\BlockTypes\AbstractBlock.php on line 65

2023-12-20T11:44:59+00:00 CRITICAL Uncaught WCPay\Exceptions\API_Exception: Your site host "localhost" is on a private network. Jetpack can only connect to public sites. in C:\xampp\htdocs\StellarSwag\wp-content\plugins\woocommerce-payments\includes\wc-payment-api\class-wc-payments-http.php:194
Stack trace:
#0 C:\xampp\htdocs\StellarSwag\wp-content\plugins\woocommerce-payments\includes\wc-payment-api\class-wc-payments-api-client.php(221): WC_Payments_Http->start_connection('http://localhos...')
#1 C:\xampp\htdocs\StellarSwag\wp-content\plugins\woocommerce-payments\includes\class-wc-payments-account.php(1928): WC_Payments_API_Client->start_server_connection('http://localhos...')
#2 C:\xampp\htdocs\StellarSwag\wp-content\plugins\woocommerce-payments\includes\class-wc-payments-account.php(1029): WC_Payments_Account->redirect_to_onboarding_flow_page()
#3 C:\xampp\htdocs\StellarSwag\wp-includes\class-wp-hook.php(324): WC_Payments_Account->maybe_handle_onboarding('')
#4 C:\xampp\htdocs\StellarSwag\wp-includes\class-wp-hook.php(348): WP_Hook->apply_filters(NULL, Array)
#5 C:\xampp\htdocs\StellarSwag\wp-includes\plugin.php(517): WP_Hook->do_action(Array)
#6 C:\xampp\htdocs\StellarSwag\wp-admin\admin.php(175): do_action('admin_init')
#7 C:\xampp\htdocs\StellarSwag\wp-admin\index.php(10): require_once('C:\\xampp\\htdocs...')
#8 {main}
  thrown in C:\xampp\htdocs\StellarSwag\wp-content\plugins\woocommerce-payments\includes\wc-payment-api\class-wc-payments-http.php on line 194

2023-12-20T11:49:18+00:00 CRITICAL Uncaught WCPay\Exceptions\API_Exception: Your site host "localhost" is on a private network. Jetpack can only connect to public sites. in C:\xampp\htdocs\StellarSwag\wp-content\plugins\woocommerce-payments\includes\wc-payment-api\class-wc-payments-http.php:194
Stack trace:
#0 C:\xampp\htdocs\StellarSwag\wp-content\plugins\woocommerce-payments\includes\wc-payment-api\class-wc-payments-api-client.php(221): WC_Payments_Http->start_connection('http://localhos...')
#1 C:\xampp\htdocs\StellarSwag\wp-content\plugins\woocommerce-payments\includes\class-wc-payments-account.php(1928): WC_Payments_API_Client->start_server_connection('http://localhos...')
#2 C:\xampp\htdocs\StellarSwag\wp-content\plugins\woocommerce-payments\includes\class-wc-payments-account.php(1029): WC_Payments_Account->redirect_to_onboarding_flow_page()
#3 C:\xampp\htdocs\StellarSwag\wp-includes\class-wp-hook.php(324): WC_Payments_Account->maybe_handle_onboarding('')
#4 C:\xampp\htdocs\StellarSwag\wp-includes\class-wp-hook.php(348): WP_Hook->apply_filters(NULL, Array)
#5 C:\xampp\htdocs\StellarSwag\wp-includes\plugin.php(517): WP_Hook->do_action(Array)
#6 C:\xampp\htdocs\StellarSwag\wp-admin\admin.php(175): do_action('admin_init')
#7 C:\xampp\htdocs\StellarSwag\wp-admin\index.php(10): require_once('C:\\xampp\\htdocs...')
#8 {main}
  thrown in C:\xampp\htdocs\StellarSwag\wp-content\plugins\woocommerce-payments\includes\wc-payment-api\class-wc-payments-http.php on line 194

