2023-12-29T11:07:33+00:00 DEBUG POST: https://ads.tiktok.com/marketing_api/api/developer/app/create_auto_approve/

{"business_platform":"PROD","smb_id":"tt4b_woocommerce_658ea87502bc1httplocalhost8080StellarSwagwp-admin","smb_name":"PROD","redirect_url":"http:\/\/localhost:8080\/StellarSwag\/wp-admin\/"}
 ajax: no
2023-12-29T11:07:35+00:00 DEBUG Tt4b_Mapi_Class::create_open_source_app: Response: 

HTTP/1.1 200 OK
Content-Type: application/json
X-Tt-Logid: 202312291107343B13C5B3222E3FD03B81,202312291107343B13C5B3222E3FD03B81
Strict-Transport-Security: max-age=31536000; includeSubDomains
Server-Timing: inner; dur=55
x-tt-trace-host: 01d7882fe3a03484456c164433a8dc20d29cbe043c35525ab778d74ee8ad1b554f5c5214995040f658c5af7c7598cf0e6a0f0d892b281244eea13fb712df610e12069bf2c94f55093fd5a2bae1ad490342842d967450f6b0adb50c06dd6e6ad6b3
x-tt-trace-id: 00-2312291107343B13C5B3222E3FD03B81-262CA96676D9E168-00
Server: TLB
Content-Encoding: gzip
Date: Fri, 29 Dec 2023 11:07:36 GMT
Content-Length: 213
X-Cache: TCP_MISS from a2-21-231-45.deploy.akamaitechnologies.com (AkamaiGHost/11.3.3-52660090) (-)
Connection: close
Vary: Accept-Encoding
x-tt-trace-tag: id=16;cdn-cache=miss;type=dyn
Server-Timing: cdn-cache; desc=MISS, edge; dur=2, origin; dur=226
X-Origin-Response-Time: 226,2.21.231.45
X-Akamai-Request-ID: ebecc4bd

{"code":0,"msg":"ok","data":{"external_data_key":"1bdd7bfe-a9e0-4796-b88b-20288cff1e80","app_secret":"7dba3d26d83496ecce3361956ac10287a1afcf74","app_id":"7317971677172744193","redirect_uri":"http:\/\/localhost:8080\/StellarSwag\/wp-admin\/"}}

2023-12-29T11:32:31+00:00 DEBUG Tt4b_Pixel_Class::inject_view_content_event: hit ViewContent
2023-12-29T11:32:31+00:00 DEBUG Tt4b_Pixel_Class::inject_view_content_event: Missing option "access_token"
2023-12-29T11:33:33+00:00 DEBUG Tt4b_Pixel_Class::inject_view_content_event: hit ViewContent
2023-12-29T11:33:33+00:00 DEBUG Tt4b_Pixel_Class::inject_view_content_event: Missing option "access_token"
2023-12-29T12:07:07+00:00 DEBUG Tt4b_Pixel_Class::inject_view_content_event: hit ViewContent
2023-12-29T12:07:07+00:00 DEBUG Tt4b_Pixel_Class::inject_view_content_event: Missing option "access_token"
2023-12-29T12:07:21+00:00 DEBUG Tt4b_Pixel_Class::inject_view_content_event: hit ViewContent
2023-12-29T12:07:21+00:00 DEBUG Tt4b_Pixel_Class::inject_view_content_event: Missing option "access_token"
2023-12-29T12:30:07+00:00 DEBUG Tt4b_Pixel_Class::inject_view_content_event: hit ViewContent
2023-12-29T12:30:07+00:00 DEBUG Tt4b_Pixel_Class::inject_view_content_event: Missing option "access_token"
2023-12-29T12:30:25+00:00 DEBUG Tt4b_Pixel_Class::inject_view_content_event: hit ViewContent
2023-12-29T12:30:25+00:00 DEBUG Tt4b_Pixel_Class::inject_view_content_event: Missing option "access_token"
2023-12-29T12:31:39+00:00 DEBUG Tt4b_Pixel_Class::inject_view_content_event: hit ViewContent
2023-12-29T12:31:39+00:00 DEBUG Tt4b_Pixel_Class::inject_view_content_event: Missing option "access_token"
2023-12-29T12:32:01+00:00 DEBUG Tt4b_Pixel_Class::inject_view_content_event: hit ViewContent
2023-12-29T12:32:01+00:00 DEBUG Tt4b_Pixel_Class::inject_view_content_event: Missing option "access_token"
2023-12-29T12:45:10+00:00 DEBUG Tt4b_Pixel_Class::inject_view_content_event: hit ViewContent
2023-12-29T12:45:10+00:00 DEBUG Tt4b_Pixel_Class::inject_view_content_event: Missing option "access_token"
2023-12-29T12:50:38+00:00 DEBUG Tt4b_Pixel_Class::inject_view_content_event: hit ViewContent
2023-12-29T12:50:38+00:00 DEBUG Tt4b_Pixel_Class::inject_view_content_event: Missing option "access_token"
2023-12-29T12:51:49+00:00 DEBUG Tt4b_Pixel_Class::inject_view_content_event: hit ViewContent
2023-12-29T12:51:49+00:00 DEBUG Tt4b_Pixel_Class::inject_view_content_event: Missing option "access_token"
2023-12-29T13:26:29+00:00 DEBUG Tt4b_Pixel_Class::inject_view_content_event: hit ViewContent
2023-12-29T13:26:29+00:00 DEBUG Tt4b_Pixel_Class::inject_view_content_event: Missing option "access_token"
2023-12-29T13:27:44+00:00 DEBUG Tt4b_Pixel_Class::inject_view_content_event: hit ViewContent
2023-12-29T13:27:44+00:00 DEBUG Tt4b_Pixel_Class::inject_view_content_event: Missing option "access_token"
2023-12-29T13:53:49+00:00 DEBUG Tt4b_Pixel_Class::inject_view_content_event: hit ViewContent
2023-12-29T13:53:49+00:00 DEBUG Tt4b_Pixel_Class::inject_view_content_event: Missing option "access_token"
2023-12-29T18:35:15+00:00 DEBUG Tt4b_Pixel_Class::inject_view_content_event: hit ViewContent
2023-12-29T18:35:15+00:00 DEBUG Tt4b_Pixel_Class::inject_view_content_event: Missing option "access_token"
2023-12-29T18:57:51+00:00 DEBUG Tt4b_Pixel_Class::inject_view_content_event: hit ViewContent
2023-12-29T18:57:51+00:00 DEBUG Tt4b_Pixel_Class::inject_view_content_event: Missing option "access_token"
2023-12-29T18:58:03+00:00 DEBUG Tt4b_Pixel_Class::inject_add_to_cart_event: hit AddToCart
2023-12-29T18:58:03+00:00 DEBUG Tt4b_Pixel_Class::inject_add_to_cart_event: Missing option "access_token"
2023-12-29T18:58:04+00:00 DEBUG Tt4b_Pixel_Class::inject_view_content_event: hit ViewContent
2023-12-29T18:58:04+00:00 DEBUG Tt4b_Pixel_Class::inject_view_content_event: Missing option "access_token"
